Using pre-set license
Built from '2020.3/staging' branch; Version is '2020.3.23f1 (c5d91304a876) revision 12966163'; Using compiler version '192528614'; Build Type 'Release'
OS: 'Windows 10 Pro; OS build 19043.1415; Version 2009; 64bit' Language: 'ru' Physical Memory: 32730 MB
BatchMode: 1, IsHumanControllingUs: 0, StartBugReporterOnCrash: 0, Is64bit: 1, IsPro: 0

COMMAND LINE ARGUMENTS:
F:\Unity\2020.3.23f1\Editor\Unity.exe
-adb2
-batchMode
-noUpm
-name
AssetImportWorker0
-projectPath
F:/!Test/Skyroads
-logFile
Logs/AssetImportWorker0.log
-srvPort
64720
Successfully changed project path to: F:/!Test/Skyroads
F:/!Test/Skyroads
Using Asset Import Pipeline V2.
Refreshing native plugins compatible for Editor in 49.07 ms, found 2 plugins.
Preloading 0 native plugins for Editor in 0.00 ms.
Initialize engine version: 2020.3.23f1 (c5d91304a876)
[Subsystems] Discovering subsystems at path F:/Unity/2020.3.23f1/Editor/Data/Resources/UnitySubsystems
[Subsystems] Discovering subsystems at path F:/!Test/Skyroads/Assets
GfxDevice: creating device client; threaded=0
Direct3D:
    Version:  Direct3D 11.0 [level 11.1]
    Renderer: NVIDIA GeForce GTX 1060 6GB (ID=0x1c03)
    Vendor:   
    VRAM:     6052 MB
    Driver:   27.21.14.6627
Initialize mono
Mono path[0] = 'F:/Unity/2020.3.23f1/Editor/Data/Managed'
Mono path[1] = 'F:/Unity/2020.3.23f1/Editor/Data/MonoBleedingEdge/lib/mono/unityjit'
Mono config path = 'F:/Unity/2020.3.23f1/Editor/Data/MonoBleedingEdge/etc'
Using monoOptions --debugger-agent=transport=dt_socket,embedding=1,server=y,suspend=n,address=127.0.0.1:56952
Begin MonoManager ReloadAssembly
Registering precompiled unity dll's ...
Register platform support module: F:/Unity/2020.3.23f1/Editor/Data/PlaybackEngines/WindowsStandaloneSupport/UnityEditor.WindowsStandalone.Extensions.dll
Registered in 0.001048 seconds.
Native extension for WindowsStandalone target not found
Refreshing native plugins compatible for Editor in 30.04 ms, found 2 plugins.
Preloading 0 native plugins for Editor in 0.00 ms.
Mono: successfully reloaded assembly
- Completed reload, in  0.531 seconds
Domain Reload Profiling:
	ReloadAssembly (531ms)
		BeginReloadAssembly (46ms)
			ExecutionOrderSort (0ms)
			DisableScriptedObjects (0ms)
			BackupInstance (0ms)
			ReleaseScriptingObjects (0ms)
			CreateAndSetChildDomain (1ms)
		EndReloadAssembly (418ms)
			LoadAssemblies (45ms)
			RebuildTransferFunctionScriptingTraits (0ms)
			SetupTypeCache (146ms)
			ReleaseScriptCaches (0ms)
			RebuildScriptCaches (28ms)
			SetupLoadedEditorAssemblies (148ms)
				LogAssemblyErrors (0ms)
				InitializePlatformSupportModulesInManaged (4ms)
				SetLoadedEditorAssemblies (0ms)
				RefreshPlugins (30ms)
				BeforeProcessingInitializeOnLoad (11ms)
				ProcessInitializeOnLoadAttributes (74ms)
				ProcessInitializeOnLoadMethodAttributes (28ms)
				AfterProcessingInitializeOnLoad (0ms)
				EditorAssembliesLoaded (0ms)
			ExecutionOrderSort2 (0ms)
			AwakeInstancesAfterBackupRestoration (0ms)
Platform modules already initialized, skipping
Registering precompiled user dll's ...
Registered in 0.002821 seconds.
Begin MonoManager ReloadAssembly
Native extension for WindowsStandalone target not found
Refreshing native plugins compatible for Editor in 0.34 ms, found 2 plugins.
Preloading 0 native plugins for Editor in 0.00 ms.
Mono: successfully reloaded assembly
- Completed reload, in  0.899 seconds
Domain Reload Profiling:
	ReloadAssembly (900ms)
		BeginReloadAssembly (127ms)
			ExecutionOrderSort (0ms)
			DisableScriptedObjects (4ms)
			BackupInstance (0ms)
			ReleaseScriptingObjects (0ms)
			CreateAndSetChildDomain (17ms)
		EndReloadAssembly (716ms)
			LoadAssemblies (72ms)
			RebuildTransferFunctionScriptingTraits (0ms)
			SetupTypeCache (251ms)
			ReleaseScriptCaches (0ms)
			RebuildScriptCaches (44ms)
			SetupLoadedEditorAssemblies (262ms)
				LogAssemblyErrors (0ms)
				InitializePlatformSupportModulesInManaged (4ms)
				SetLoadedEditorAssemblies (0ms)
				RefreshPlugins (0ms)
				BeforeProcessingInitializeOnLoad (70ms)
				ProcessInitializeOnLoadAttributes (176ms)
				ProcessInitializeOnLoadMethodAttributes (8ms)
				AfterProcessingInitializeOnLoad (2ms)
				EditorAssembliesLoaded (0ms)
			ExecutionOrderSort2 (0ms)
			AwakeInstancesAfterBackupRestoration (6ms)
Platform modules already initialized, skipping
========================================================================
Worker process is ready to serve import requests
Launched and connected shader compiler UnityShaderCompiler.exe after 0.08 seconds
Refreshing native plugins compatible for Editor in 0.36 ms, found 2 plugins.
Preloading 0 native plugins for Editor in 0.00 ms.
Unloading 1508 Unused Serialized files (Serialized files now loaded: 0)
System memory in use before: 71.5 MB.
System memory in use after: 71.6 MB.

Unloading 19 unused Assets to reduce memory usage. Loaded Objects now: 1946.
Total: 2.967700 ms (FindLiveObjects: 0.197500 ms CreateObjectMapping: 0.050000 ms MarkObjects: 2.634700 ms  DeleteObjects: 0.084600 ms)

AssetImportParameters requested are different than current active one (requested -> active):
  custom:framework-win-MediaFoundation: 216162199b28c13a410421893ffa2e32 -> 
  custom:video-decoder-ogg-theora: a1e56fd34408186e4bbccfd4996cb3dc -> 
  custom:container-muxer-webm: aa71ff27fc2769a1b78a27578f13a17b -> 
  custom:container-demuxer-webm: 4f35f7cbe854078d1ac9338744f61a02 -> 
  custom:container-demuxer-ogg: 62fdf1f143b41e24485cea50d1cbac27 -> 
  custom:video-encoder-webm-vp8: eb34c28f22e8b96e1ab97ce403110664 -> 
  custom:video-decoder-webm-vp8: 9c59270c3fd7afecdb556c50c9e8de78 -> 
  custom:audio-decoder-ogg-vorbis: bf7c407c2cedff20999df2af8eb42d56 -> 
  custom:audio-encoder-webm-vorbis: bf7c407c2cedff20999df2af8eb42d56 -> 
========================================================================
Received Import Request.
  path: Assets/Scripts/AsteroidGenerator.cs
  artifactKey: Guid(2aec0a916ef57704993d63be89a57cfa) Importer(815301076,1909f56bfc062723c751e8b465ee728b)
Start importing Assets/Scripts/AsteroidGenerator.cs using Guid(2aec0a916ef57704993d63be89a57cfa) Importer(815301076,1909f56bfc062723c751e8b465ee728b)  -> (artifact id: '8e9339679b6b305ae1ff7bfce2f34d8a') in 0.042335 seconds 
  Import took 0.044563 seconds .

========================================================================
Received Import Request.
  Time since last request: 27.303125 seconds.
  path: Assets/Scripts/GameMenu.cs
  artifactKey: Guid(a70c4b1adf69b3a43857a7d51f1fbddc) Importer(815301076,1909f56bfc062723c751e8b465ee728b)
Start importing Assets/Scripts/GameMenu.cs using Guid(a70c4b1adf69b3a43857a7d51f1fbddc) Importer(815301076,1909f56bfc062723c751e8b465ee728b)  -> (artifact id: 'ac75cf1097686c2be4ae8f97a7b51129') in 0.006284 seconds 
  Import took 0.008534 seconds .

========================================================================
Received Import Request.
  Time since last request: 0.805832 seconds.
  path: Assets/Scripts/PlayerMovement.cs
  artifactKey: Guid(7ffed89cac5da904e9fc469c5000df8f) Importer(815301076,1909f56bfc062723c751e8b465ee728b)
Start importing Assets/Scripts/PlayerMovement.cs using Guid(7ffed89cac5da904e9fc469c5000df8f) Importer(815301076,1909f56bfc062723c751e8b465ee728b)  -> (artifact id: '4b47c50fedd9973547679d5bf8ab71a0') in 0.008167 seconds 
  Import took 0.011610 seconds .

========================================================================
Received Import Request.
  Time since last request: 0.581267 seconds.
  path: Assets/Scripts/RoadGenerator.cs
  artifactKey: Guid(82bef043033c7c5468dcc67b476cdce2) Importer(815301076,1909f56bfc062723c751e8b465ee728b)
Start importing Assets/Scripts/RoadGenerator.cs using Guid(82bef043033c7c5468dcc67b476cdce2) Importer(815301076,1909f56bfc062723c751e8b465ee728b)  -> (artifact id: '956a11dfe5170da51a90148139bff970') in 0.008498 seconds 
  Import took 0.011370 seconds .

========================================================================
Received Import Request.
  Time since last request: 0.710383 seconds.
  path: Assets/Scripts/Score.cs
  artifactKey: Guid(c0e985551635b194db3992e8d3de30cf) Importer(815301076,1909f56bfc062723c751e8b465ee728b)
Start importing Assets/Scripts/Score.cs using Guid(c0e985551635b194db3992e8d3de30cf) Importer(815301076,1909f56bfc062723c751e8b465ee728b)  -> (artifact id: 'e939bdb33834f355f1e88e6479c0bbf0') in 0.005543 seconds 
  Import took 0.008586 seconds .

========================================================================
Received Import Request.
  Time since last request: 0.922740 seconds.
  path: Assets/Scripts/SmoothFollow.cs
  artifactKey: Guid(0880c2d1583b0a146985baad05098107) Importer(815301076,1909f56bfc062723c751e8b465ee728b)
Start importing Assets/Scripts/SmoothFollow.cs using Guid(0880c2d1583b0a146985baad05098107) Importer(815301076,1909f56bfc062723c751e8b465ee728b)  -> (artifact id: '6ca9e4cb87ed74d28bf9ae41eed958d0') in 0.005937 seconds 
  Import took 0.008273 seconds .

